INFO: [v++ 60-1306] Additional information associated with this v++ compile can be found at:
	Reports: /home/wanqi/Wanqi/project/charm_u50/_x/reports/mm_large
	Log files: /home/wanqi/Wanqi/project/charm_u50/_x/logs/mm_large
INFO: [v++ 60-1548] Creating build summary session with primary output /home/wanqi/Wanqi/project/charm_u50/build/mm_large.xo.compile_summary, at Wed Aug 13 14:02:56 2025
INFO: [v++ 60-1315] Creating rulecheck session with output '/home/wanqi/Wanqi/project/charm_u50/_x/reports/mm_large/v++_compile_mm_large_guidance.html', at Wed Aug 13 14:02:56 2025
INFO: [v++ 60-895]   Target platform: /opt/xilinx/platforms/xilinx_u50_gen3x16_xdma_5_202210_1/xilinx_u50_gen3x16_xdma_5_202210_1.xpfm
INFO: [v++ 60-1578]   This platform contains Xilinx Shell Archive '/opt/xilinx/platforms/xilinx_u50_gen3x16_xdma_5_202210_1/hw/hw.xsa'
INFO: [v++ 74-78] Compiler Version string: 2024.1
INFO: [v++ 60-1302] Platform 'xilinx_u50_gen3x16_xdma_5_202210_1.xpfm' has been explicitly enabled for this release.
INFO: [v++ 60-585] Compiling for hardware target
INFO: [v++ 60-423]   Target device: xilinx_u50_gen3x16_xdma_5_202210_1
INFO: [v++ 60-242] Creating kernel: 'mm_large'

===>The following messages were generated while  performing high-level synthesis for kernel: mm_large Log file: /home/wanqi/Wanqi/project/charm_u50/_x/mm_large/mm_large/vitis_hls.log :
ERROR: [v++ 207-3339] no matching function for call to 'read_block' (../../../kernels/mm_large.cpp:40:2)
ERROR: [v++ 207-3339] no matching function for call to 'read_block' (../../../kernels/mm_large.cpp:41:13)
ERROR: [v++ 207-3339] no matching function for call to 'write_block' (../../../kernels/mm_large.cpp:55:13)
ERROR: [v++ 60-300] Failed to build kernel(ip) mm_large, see log for details: /home/wanqi/Wanqi/project/charm_u50/_x/mm_large/mm_large/vitis_hls.log
ERROR: [v++ 60-773] In '/home/wanqi/Wanqi/project/charm_u50/_x/mm_large/mm_large/vitis_hls.log', caught Tcl error: ERROR: [HLS 207-3339] no matching function for call to 'read_block' (../../../kernels/mm_large.cpp:40:2)
ERROR: [v++ 60-773] In '/home/wanqi/Wanqi/project/charm_u50/_x/mm_large/mm_large/vitis_hls.log', caught Tcl error: ERROR: [HLS 207-3339] no matching function for call to 'read_block' (../../../kernels/mm_large.cpp:41:13)
ERROR: [v++ 60-773] In '/home/wanqi/Wanqi/project/charm_u50/_x/mm_large/mm_large/vitis_hls.log', caught Tcl error: ERROR: [HLS 207-3339] no matching function for call to 'write_block' (../../../kernels/mm_large.cpp:55:13)
ERROR: [v++ 60-599] Kernel compilation failed to complete
ERROR: [v++ 60-592] Failed to finish compilation
INFO: [v++ 60-1653] Closing dispatch client.
