Wed Aug 13 14:02:54 2025: Running xcd server. This server was built by gradle.
Wed Aug 13 14:02:54 2025: Server was asked to start on port: '38579'
Wed Aug 13 14:02:54 2025: Server is using token UUID: '12d6d792-2c4b-4471-98f0-ba6926d77c0b'
Wed Aug 13 14:02:54 2025: SESSION_MGR: creating session with session uuid: '6d04a3e9-ade5-4ab9-8d63-1f78fcd2ec76' and name 'default'
Wed Aug 13 14:02:54 2025: Attempting to start server on port '38579'
Wed Aug 13 14:02:54 2025: XCD main fifo: created main fifo '/tmp/xcdmain12d6d792-2c4b-4471-98f0-ba6926d77c0b', fd read = 13
Wed Aug 13 14:02:54 2025: Running Dispatch Server
Wed Aug 13 14:02:54 2025: Version 2.2.0
Wed Aug 13 14:02:56 2025: Dispatch Server: Accepted socket connection from client
Wed Aug 13 14:02:56 2025: Starting Socket connection
Wed Aug 13 14:02:56 2025: EXCHANGE_TOKEN received, server token: 12d6d792-2c4b-4471-98f0-ba6926d77c0b, passed token: 12d6d792-2c4b-4471-98f0-ba6926d77c0b
Wed Aug 13 14:02:56 2025: DISPATCH_HANDLER: Adding handler from function makeHandler in library libxv_system_diagram
Wed Aug 13 14:02:56 2025: SESSION_MGR: creating session with session uuid: '66db35c9-81a9-4e8c-abd3-1acaccdca408' and name 'v++_compile_mm_large'
Wed Aug 13 14:02:56 2025: KERNEL_SVC: creating session with uuid: '66db35c9-81a9-4e8c-abd3-1acaccdca408' and name 'v++_compile_mm_large'
Wed Aug 13 14:02:56 2025: GUIDANCE_SMGR: creating guidance session with uuid: '66db35c9-81a9-4e8c-abd3-1acaccdca408' and name 'v++_compile_mm_large'
Wed Aug 13 14:02:56 2025: SYSTEM_DIAGRAM: creating session with uuid: '66db35c9-81a9-4e8c-abd3-1acaccdca408' and name 'v++_compile_mm_large'
Wed Aug 13 14:03:05 2025: SESSION_MGR: closing session for UUID '66db35c9-81a9-4e8c-abd3-1acaccdca408' with name 'v++_compile_mm_large'
Wed Aug 13 14:03:05 2025: KERNEL_SVC: closing session for UUID '66db35c9-81a9-4e8c-abd3-1acaccdca408' with name 'v++_compile_mm_large'
Wed Aug 13 14:03:05 2025: GUIDANCE_SMGR: closing session for UUID '66db35c9-81a9-4e8c-abd3-1acaccdca408' with name 'v++_compile_mm_large'
Wed Aug 13 14:03:05 2025: SYSTEM_DIAGRAM: closing session for UUID '66db35c9-81a9-4e8c-abd3-1acaccdca408' with name 'v++_compile_mm_large'
Wed Aug 13 14:03:05 2025: STOP_SERVER received, server token: 12d6d792-2c4b-4471-98f0-ba6926d77c0b, passed token: 12d6d792-2c4b-4471-98f0-ba6926d77c0b
Wed Aug 13 14:03:05 2025: Socket received request to stop server.
Wed Aug 13 14:03:05 2025: Dispatch Server: do_await_stop
Wed Aug 13 14:03:05 2025: Dispatch Server: stopping mainFifo_
Wed Aug 13 14:03:05 2025: XCD main fifo: Stopping
Wed Aug 13 14:03:05 2025: XCD main fifo: do_read error code: Operation canceled
Wed Aug 13 14:03:05 2025: XCD main fifo: bytes_transferred: 0
Wed Aug 13 14:03:05 2025: SERVER: destructor for server bound to port 38579
Wed Aug 13 14:03:05 2025: XCD main fifo: Good unlink of /tmp/xcdmain12d6d792-2c4b-4471-98f0-ba6926d77c0b
Wed Aug 13 14:03:05 2025: Server exiting with status 0.
Wed Aug 13 14:03:05 2025: Closing log file.
