INFO-FLOW: Workspace /home/wanqi/Wanqi/project/charm_u50/_x/mm_large/mm_large/mm_large/solution opened at Fri Aug 15 11:36:13 CEST 2025
Execute       send_msg_by_id INFO @200-1505@%s%s  vitis 
INFO: [HLS 200-1505] Using flow_target 'vitis'
Execute       send_msg_by_id INFO @200-435@%s%s 'open_solution -flow_target vitis' config_interface -m_axi_latency=64 
INFO: [HLS 200-435] Setting 'open_solution -flow_target vitis' configuration: config_interface -m_axi_latency=64
Execute       config_interface -m_axi_latency=64 
Execute       send_msg_by_id INFO @200-435@%s%s 'open_solution -flow_target vitis' config_interface -m_axi_alignment_byte_size=64 
INFO: [HLS 200-435] Setting 'open_solution -flow_target vitis' configuration: config_interface -m_axi_alignment_byte_size=64
Execute       config_interface -m_axi_alignment_byte_size=64 
Execute       send_msg_by_id INFO @200-435@%s%s 'open_solution -flow_target vitis' config_interface -m_axi_max_widen_bitwidth=512 
INFO: [HLS 200-435] Setting 'open_solution -flow_target vitis' configuration: config_interface -m_axi_max_widen_bitwidth=512
Execute       config_interface -m_axi_max_widen_bitwidth=512 
INFO-FLOW: Setting macro_cmd open_solution -flow_target vitis configuration: config_interface -default_interface=kernel
Execute       config_interface -default_interface=kernel 
Execute       send_msg_by_id INFO @200-435@%s%s 'open_solution -flow_target vitis' config_rtl -register_reset_num=3 
INFO: [HLS 200-435] Setting 'open_solution -flow_target vitis' configuration: config_rtl -register_reset_num=3
Execute       config_rtl -register_reset_num=3 
Execute     set_part xcu50-fsvh2104-2-e 
INFO: [HLS 200-1510] Running: set_part xcu50-fsvh2104-2-e 
Execute       create_platform xcu50-fsvh2104-2-e -board  
DBG:HLSDevice: Trying to load device library: /opt/Xilinx/Vitis_HLS/2024.1/lib/lnx64.o/libxv_hlsvwrap.so
DBG:HLSDevice: first parts/arch.xml in RDI_DATADIR: /opt/Xilinx/Vivado/2024.1/data/parts/arch.xml
DBG:HLSDevice: init success
INFO: [HLS 200-1611] Setting target device to 'xcu50-fsvh2104-2-e'
Command       create_platform done; 0.74 sec.
Execute       source /opt/Xilinx/Vitis_HLS/2024.1/common/technology/xilinx/common/xilinx.gen 
Execute         source /opt/Xilinx/Vitis_HLS/2024.1/common/technology/xilinx/interface/plb46.gen 
Execute         source /opt/Xilinx/Vitis_HLS/2024.1/common/technology/xilinx/interface/axi4.gen 
Execute         source /opt/Xilinx/Vitis_HLS/2024.1/common/technology/xilinx/interface/nativeAXI4.gen 
Execute           source /opt/Xilinx/Vitis_HLS/2024.1/common/technology/xilinx/interface/saxilite.gen 
Execute         source /opt/Xilinx/Vitis_HLS/2024.1/common/technology/xilinx/scripts/xilinxcoregen.gen 
Execute         source /opt/Xilinx/Vitis_HLS/2024.1/common/technology/xilinx/interface/XilEDKCoreGen.gen 
Execute         source /opt/Xilinx/Vitis_HLS/2024.1/common/technology/xilinx/ip/xfft.gen 
Execute         source /opt/Xilinx/Vitis_HLS/2024.1/common/technology/xilinx/ip/dds_compiler.gen 
Execute         source /opt/Xilinx/Vitis_HLS/2024.1/common/technology/xilinx/ip/util.gen 
Execute         source /opt/Xilinx/Vitis_HLS/2024.1/common/technology/xilinx/ip/xfir.gen 
Execute         source /opt/Xilinx/Vitis_HLS/2024.1/common/technology/xilinx/DSP48/dsp48.gen 
Execute       ap_part_info -name xcu50-fsvh2104-2-e -data info 
Execute       config_compile -quiet -complex-mul-dsp=0 
Command     set_part done; 0.85 sec.
Execute     create_clock -period 300.000000MHz -name default 
INFO: [HLS 200-1510] Running: create_clock -period 300.000000MHz -name default 
Execute       ap_set_clock -name default -period 3.333 -unit ns -default=false 
INFO: [SYN 201-201] Setting up clock 'default' with a period of 3.333ns.
Execute     config_dataflow -strict_mode warning 
INFO: [HLS 200-1510] Running: config_dataflow -strict_mode warning 
Execute     config_rtl -deadlock_detection sim 
INFO: [HLS 200-1510] Running: config_rtl -deadlock_detection sim 
Execute     config_interface -m_axi_conservative_mode=1 
INFO: [HLS 200-1510] Running: config_interface -m_axi_conservative_mode=1 
Execute     config_interface -m_axi_addr64 
INFO: [HLS 200-1510] Running: config_interface -m_axi_addr64 
Execute     config_interface -m_axi_auto_max_ports=0 
INFO: [HLS 200-1510] Running: config_interface -m_axi_auto_max_ports=0 
Execute     config_export -format xo -ipname mm_large 
INFO: [HLS 200-1510] Running: config_export -format xo -ipname mm_large 
Execute     csynth_design 
INFO: [HLS 200-1510] Running: csynth_design 
INFO-FLOW: Running SLX 'csynth' proc: ::SLX::run_csynth
Execute       elaborate -effort=medium -skip_syncheck=0 -keep_printf=0 -skip_cdt=0 -skip_transform=0 -ng=0 -g=0 -opt_fp=0 -from_csynth_design=1 
INFO: [HLS 200-111] Finished File checks and directory preparation: CPU user time: 0.07 seconds. CPU system time: 0.01 seconds. Elapsed time: 0.08 seconds; current allocated memory: 261.934 MB.
Execute         set_directive_top mm_large -name=mm_large 
Execute         source /opt/Xilinx/Vitis_HLS/2024.1/tps/tcl/tcllib1.11.1/yaml/huddle.tcl 
Execute         source /opt/Xilinx/Vitis_HLS/2024.1/tps/tcl/tcllib1.11.1/yaml/json2huddle.tcl 
Execute           source /opt/Xilinx/Vitis_HLS/2024.1/tps/tcl/tcllib1.11.1/try/try.tcl 
INFO: [HLS 200-10] Analyzing design file '../../../kernels/mm_large.cpp' ... 
INFO-FLOW: Compiling one TU...
INFO-FLOW: Handling ../../../kernels/mm_large.cpp as C++
Execute         ap_part_info -name xcu50-fsvh2104-2-e -data info 
INFO-FLOW: Running: GCC PP 39
INFO-FLOW: Source preprocessing
INFO-FLOW: run_clang exec: /opt/Xilinx/Vitis_HLS/2024.1/lnx64/tools/clang-3.9-csynth/bin/clang ../../../kernels/mm_large.cpp -foptimization-record-file=/home/wanqi/Wanqi/project/charm_u50/_x/mm_large/mm_large/mm_large/solution/.autopilot/db/mm_large.cpp.clang.diag.yml -mllvm -pass-remarks-missed=reflow|pasta|unroll -mllvm -pass-remarks=reflow|pasta|unroll|inline -fno-limit-debug-info -gcc-toolchain /opt/Xilinx/Vitis_HLS/2024.1/tps/lnx64/gcc-8.3.0 -fhls -fno-exceptions -insert-hls-directive=/home/wanqi/Wanqi/project/charm_u50/_x/mm_large/mm_large/mm_large/solution/.autopilot/db/all.directive.json -E -I/home/wanqi/Wanqi/project/charm_u50/include/kernel -fno-math-errno -c -emit-llvm -mllvm -disable-llvm-optzns -Werror=implicit-function-declaration -Werror=implicit-hls-streams -Werror=return-type -Wpragmas -Wunused-parameter -Wdump-hls-pragmas -Wno-error=dump-hls-pragmas -hls-clock-period=3.333 -fno-threadsafe-statics -fno-use-cxa-atexit -std=gnu++14 -target fpga64-xilinx-linux-gnu -fno-threadsafe-statics -fno-use-cxa-atexit -D__VITIS_HLS__ -DAESL_SYN -D__SYNTHESIS__ -D__HLS_SYN__ -I /opt/Xilinx/Vitis_HLS/2024.1/common/technology/autopilot -I /opt/Xilinx/Vitis_HLS/2024.1/common/technology/autopilot/ap_sysc -include etc/autopilot_ssdm_op.h -D__DSP48E2__ -I /usr/include/x86_64-linux-gnu -o /home/wanqi/Wanqi/project/charm_u50/_x/mm_large/mm_large/mm_large/solution/.autopilot/db/mm_large.pp.0.cpp -hls-platform-db-name=/opt/Xilinx/Vitis_HLS/2024.1/common/technology/xilinx/common/platform.db -hls-platform-name=virtexuplus_medium -device-resource-info=BRAM_2688.000000_DSP_5952.000000_FF_1743360.000000_LUT_871680.000000_SLICE_108960.000000_SLR_2.000000_URAM_640.000000 -device-name-info=xcu50-fsvh2104-2-e > /home/wanqi/Wanqi/project/charm_u50/_x/mm_large/mm_large/mm_large/solution/.autopilot/db/mm_large.cpp.clang.out.log 2> /home/wanqi/Wanqi/project/charm_u50/_x/mm_large/mm_large/mm_large/solution/.autopilot/db/mm_large.cpp.clang.err.log
INFO-FLOW: Done: GCC PP 39 time: 0.3 seconds per iteration
INFO-FLOW: Source syntax check for synthesis
INFO-FLOW: run_clang exec: /opt/Xilinx/Vitis_HLS/2024.1/lnx64/tools/clang-3.9-csynth/bin/clang -foptimization-record-file=/home/wanqi/Wanqi/project/charm_u50/_x/mm_large/mm_large/mm_large/solution/.autopilot/db/clang.diag.yml -mllvm -pass-remarks-missed=reflow|pasta|unroll -mllvm -pass-remarks=reflow|pasta|unroll|inline -fsyntax-only -fhls -target fpga64-xilinx-linux-gnu /home/wanqi/Wanqi/project/charm_u50/_x/mm_large/mm_large/mm_large/solution/.autopilot/db/mm_large.pp.0.cpp -hls-platform-db-name=/opt/Xilinx/Vitis_HLS/2024.1/common/technology/xilinx/common/platform.db -hls-platform-name=virtexuplus_medium -device-resource-info=BRAM_2688.000000_DSP_5952.000000_FF_1743360.000000_LUT_871680.000000_SLICE_108960.000000_SLR_2.000000_URAM_640.000000 -device-name-info=xcu50-fsvh2104-2-e > /home/wanqi/Wanqi/project/charm_u50/_x/mm_large/mm_large/mm_large/solution/.autopilot/db/clang.out.log 2> /home/wanqi/Wanqi/project/charm_u50/_x/mm_large/mm_large/mm_large/solution/.autopilot/db/clang.err.log
Execute         clang_tidy xilinx-systemc-detector -desc systemc-detector /home/wanqi/Wanqi/project/charm_u50/_x/mm_large/mm_large/mm_large/solution/.autopilot/db/mm_large.pp.0.cpp std=gnu++14 -target fpga  -directive=/home/wanqi/Wanqi/project/charm_u50/_x/mm_large/mm_large/mm_large/solution/.autopilot/db/.systemc_flag 
INFO-FLOW: exec /opt/Xilinx/Vitis_HLS/2024.1/lnx64/tools/clang-3.9-csynth/bin/clang-tidy -header-filter=.* --checks=-*,xilinx-systemc-detector -import-directive=/home/wanqi/Wanqi/project/charm_u50/_x/mm_large/mm_large/mm_large/solution/.autopilot/db/.systemc_flag -fix-errors /home/wanqi/Wanqi/project/charm_u50/_x/mm_large/mm_large/mm_large/solution/.autopilot/db/mm_large.pp.0.cpp -- -std=gnu++14 -target fpga -fhls -ferror-limit=0
Command         clang_tidy done; 0.35 sec.
INFO-FLOW: Running: clang-tidy CDT preprocess 39
Execute         clang_tidy xilinx-directive2pragma -desc directive2pragma /home/wanqi/Wanqi/project/charm_u50/_x/mm_large/mm_large/mm_large/solution/.autopilot/db/mm_large.pp.0.cpp std=gnu++14 -target fpga  -directive=/home/wanqi/Wanqi/project/charm_u50/_x/mm_large/mm_large/mm_large/solution/.autopilot/db/all.directive.json 
INFO-FLOW: exec /opt/Xilinx/Vitis_HLS/2024.1/lnx64/tools/clang-3.9-csynth/bin/clang-tidy -header-filter=.* --checks=-*,xilinx-directive2pragma -import-directive=/home/wanqi/Wanqi/project/charm_u50/_x/mm_large/mm_large/mm_large/solution/.autopilot/db/all.directive.json -fix-errors /home/wanqi/Wanqi/project/charm_u50/_x/mm_large/mm_large/mm_large/solution/.autopilot/db/mm_large.pp.0.cpp -- -std=gnu++14 -target fpga -fhls -ferror-limit=0
Command         clang_tidy done; 0.52 sec.
INFO-FLOW: Done: clang-tidy CDT preprocess 39 time: 0.5 seconds per iteration
INFO-FLOW: Calling xilinx-label-all-loops ... 
INFO-FLOW: Calling xilinx-aggregate-on-hls-vector ... 
Execute         clang_tidy -errorcheck -desc loop-label xilinx-label-all-loops,xilinx-aggregate-on-hls-vector,,xilinx-warn-mayneed-no-ctor-attribute /home/wanqi/Wanqi/project/charm_u50/_x/mm_large/mm_large/mm_large/solution/.autopilot/db/mm_large.pp.0.cpp std=gnu++14 -target fpga  
INFO-FLOW: run_clang exec: /opt/Xilinx/Vitis_HLS/2024.1/lnx64/tools/clang-3.9-csynth/bin/clang-tidy -export-fixes=/home/wanqi/Wanqi/project/charm_u50/_x/mm_large/mm_large/mm_large/solution/.autopilot/db/mm_large.pp.0.cpp.clang-tidy.loop-label.diag.yml -header-filter=.* --checks=-*,xilinx-label-all-loops,xilinx-aggregate-on-hls-vector,,xilinx-warn-mayneed-no-ctor-attribute -fix-errors /home/wanqi/Wanqi/project/charm_u50/_x/mm_large/mm_large/mm_large/solution/.autopilot/db/mm_large.pp.0.cpp -- -std=gnu++14 -target fpga -fhls -ferror-limit=0 > /home/wanqi/Wanqi/project/charm_u50/_x/mm_large/mm_large/mm_large/solution/.autopilot/db/mm_large.pp.0.cpp.clang-tidy.loop-label.out.log 2> /home/wanqi/Wanqi/project/charm_u50/_x/mm_large/mm_large/mm_large/solution/.autopilot/db/mm_large.pp.0.cpp.clang-tidy.loop-label.err.log
Execute           source /opt/Xilinx/Vitis_HLS/2024.1/tps/tcl/tcllib1.11.1/yaml/yaml.tcl 
Command         clang_tidy done; 0.7 sec.
INFO-FLOW: run_clang exec: /opt/Xilinx/Vitis_HLS/2024.1/lnx64/tools/clang-3.9-csynth/bin/xilinx-dataflow-lawyer -export-fixes=/home/wanqi/Wanqi/project/charm_u50/_x/mm_large/mm_large/mm_large/solution/.autopilot/db/mm_large.pp.0.cpp.xilinx-dataflow-lawyer.diag.yml /home/wanqi/Wanqi/project/charm_u50/_x/mm_large/mm_large/mm_large/solution/.autopilot/db/mm_large.pp.0.cpp -- -std=gnu++14 -target fpga -fhls -ferror-limit=0 -fstrict-dataflow > /home/wanqi/Wanqi/project/charm_u50/_x/mm_large/mm_large/mm_large/solution/.autopilot/db/mm_large.pp.0.cpp.xilinx-dataflow-lawyer.out.log 2> /home/wanqi/Wanqi/project/charm_u50/_x/mm_large/mm_large/mm_large/solution/.autopilot/db/mm_large.pp.0.cpp.xilinx-dataflow-lawyer.err.log
Execute         AP::app_get_file_relativeroot [AP::app_get_root] {}
Execute         AP::app_get_file_relativeroot [AP::app_get_root] {}
WARNING: [HLS 214-114] Since the only kind of statements allowed in a canonical dataflow region are variable declarations and function calls, the compiler may not be able to correctly handle the region (../../../kernels/mm_large.cpp:21:9)
Execute         send_msg_by_id WARNING @200-471@%s%s 1 ../../../kernels/mm_large.cpp 
WARNING: [HLS 200-471] Dataflow form checks found 1 issue(s) in file ../../../kernels/mm_large.cpp
Execute         ap_part_info -name xcu50-fsvh2104-2-e -data info 
INFO-FLOW: compiling source code to llvm bc
INFO-FLOW: run_clang exec: /opt/Xilinx/Vitis_HLS/2024.1/lnx64/tools/clang-3.9-csynth/bin/clang -foptimization-record-file=/home/wanqi/Wanqi/project/charm_u50/_x/mm_large/mm_large/mm_large/solution/.autopilot/db/mm_large.pp.0.cpp.clang.diag.yml -mllvm -pass-remarks-missed=reflow|pasta|unroll -mllvm -pass-remarks=reflow|pasta|unroll|inline -fno-limit-debug-info -fhls -flto -fno-exceptions -Wno-error=c++11-narrowing -hls-emit-hint-scope /home/wanqi/Wanqi/project/charm_u50/_x/mm_large/mm_large/mm_large/solution/.autopilot/db/mm_large.pp.0.cpp -I/home/wanqi/Wanqi/project/charm_u50/include/kernel -fno-math-errno -c -emit-llvm -mllvm -disable-llvm-optzns -Werror=implicit-function-declaration -Werror=implicit-hls-streams -Werror=return-type -Wpragmas -Wunused-parameter -Wdump-hls-pragmas -Wno-error=dump-hls-pragmas -hls-clock-period=3.333 -fno-threadsafe-statics -fno-use-cxa-atexit -std=gnu++14 -target fpga64-xilinx-linux-gnu -D__VITIS_HLS__ -DAESL_SYN -D__SYNTHESIS__ -D__HLS_SYN__ -I /opt/Xilinx/Vitis_HLS/2024.1/common/technology/autopilot -I /opt/Xilinx/Vitis_HLS/2024.1/common/technology/autopilot/ap_sysc -include etc/autopilot_ssdm_op.h -D__DSP48E2__ -g -o /home/wanqi/Wanqi/project/charm_u50/_x/mm_large/mm_large/mm_large/solution/.autopilot/db/mm_large.bc -hls-platform-db-name=/opt/Xilinx/Vitis_HLS/2024.1/common/technology/xilinx/common/platform.db -hls-platform-name=virtexuplus_medium -device-resource-info=BRAM_2688.000000_DSP_5952.000000_FF_1743360.000000_LUT_871680.000000_SLICE_108960.000000_SLR_2.000000_URAM_640.000000 -device-name-info=xcu50-fsvh2104-2-e > /home/wanqi/Wanqi/project/charm_u50/_x/mm_large/mm_large/mm_large/solution/.autopilot/db/mm_large.pp.0.cpp.clang.out.log 2> /home/wanqi/Wanqi/project/charm_u50/_x/mm_large/mm_large/mm_large/solution/.autopilot/db/mm_large.pp.0.cpp.clang.err.log
INFO: [HLS 200-111] Finished Source Code Analysis and Preprocessing: CPU user time: 2.78 seconds. CPU system time: 0.53 seconds. Elapsed time: 3.32 seconds; current allocated memory: 280.406 MB.
INFO-FLOW: Linking Debug ...
INFO-FLOW: Linking dut bc code.
Execute         run_link_or_opt -out /home/wanqi/Wanqi/project/charm_u50/_x/mm_large/mm_large/mm_large/solution/.autopilot/db/a.g.ld.0.bc -args  "/home/wanqi/Wanqi/project/charm_u50/_x/mm_large/mm_large/mm_large/solution/.autopilot/db/mm_large.g.bc"  
INFO-FLOW: run_clang exec: /opt/Xilinx/Vitis_HLS/2024.1/lnx64/tools/clang-3.9-csynth/bin/llvm-link /home/wanqi/Wanqi/project/charm_u50/_x/mm_large/mm_large/mm_large/solution/.autopilot/db/mm_large.g.bc -o /home/wanqi/Wanqi/project/charm_u50/_x/mm_large/mm_large/mm_large/solution/.autopilot/db/a.g.ld.0.bc > /home/wanqi/Wanqi/project/charm_u50/_x/mm_large/mm_large/mm_large/solution/.autopilot/db/a.g.ld.0.bc.llvm-link.out.log 2> /home/wanqi/Wanqi/project/charm_u50/_x/mm_large/mm_large/mm_large/solution/.autopilot/db/a.g.ld.0.bc.llvm-link.err.log
INFO-FLOW: 
Execute         run_link_or_opt -opt -out /home/wanqi/Wanqi/project/charm_u50/_x/mm_large/mm_large/mm_large/solution/.autopilot/db/a.g.ld.1.lower.bc -args /home/wanqi/Wanqi/project/charm_u50/_x/mm_large/mm_large/mm_large/solution/.autopilot/db/a.g.ld.0.bc -reflow-lower-math-intrinsics 
INFO-FLOW: run_clang exec: /opt/Xilinx/Vitis_HLS/2024.1/lnx64/tools/clang-3.9-csynth/bin/opt -pass-remarks-missed=reflow|pasta|unroll -pass-remarks=reflow|pasta|unroll|inline -pass-remarks-output=/home/wanqi/Wanqi/project/charm_u50/_x/mm_large/mm_large/mm_large/solution/.autopilot/db/a.g.ld.1.lower.bc.opt.diag.yml /home/wanqi/Wanqi/project/charm_u50/_x/mm_large/mm_large/mm_large/solution/.autopilot/db/a.g.ld.0.bc -reflow-lower-math-intrinsics -o /home/wanqi/Wanqi/project/charm_u50/_x/mm_large/mm_large/mm_large/solution/.autopilot/db/a.g.ld.1.lower.bc > /home/wanqi/Wanqi/project/charm_u50/_x/mm_large/mm_large/mm_large/solution/.autopilot/db/a.g.ld.1.lower.bc.opt.out.log 2> /home/wanqi/Wanqi/project/charm_u50/_x/mm_large/mm_large/mm_large/solution/.autopilot/db/a.g.ld.1.lower.bc.opt.err.log
INFO-FLOW: 
INFO-FLOW: Running: gen_design_size_report post-opt
INFO-FLOW: Done: gen_design_size_report post-opt time: 0 seconds per iteration
INFO-FLOW: Linking math bc lib
Execute         run_link_or_opt -out /home/wanqi/Wanqi/project/charm_u50/_x/mm_large/mm_large/mm_large/solution/.autopilot/db/a.g.ld.2.m1.bc -args /home/wanqi/Wanqi/project/charm_u50/_x/mm_large/mm_large/mm_large/solution/.autopilot/db/a.g.ld.1.lower.bc -only-needed /opt/Xilinx/Vitis_HLS/2024.1/lnx64/lib/libhlsm_39.bc /opt/Xilinx/Vitis_HLS/2024.1/lnx64/lib/libhlsmc++_39.bc 
INFO-FLOW: run_clang exec: /opt/Xilinx/Vitis_HLS/2024.1/lnx64/tools/clang-3.9-csynth/bin/llvm-link /home/wanqi/Wanqi/project/charm_u50/_x/mm_large/mm_large/mm_large/solution/.autopilot/db/a.g.ld.1.lower.bc -only-needed /opt/Xilinx/Vitis_HLS/2024.1/lnx64/lib/libhlsm_39.bc /opt/Xilinx/Vitis_HLS/2024.1/lnx64/lib/libhlsmc++_39.bc -o /home/wanqi/Wanqi/project/charm_u50/_x/mm_large/mm_large/mm_large/solution/.autopilot/db/a.g.ld.2.m1.bc > /home/wanqi/Wanqi/project/charm_u50/_x/mm_large/mm_large/mm_large/solution/.autopilot/db/a.g.ld.2.m1.bc.llvm-link.out.log 2> /home/wanqi/Wanqi/project/charm_u50/_x/mm_large/mm_large/mm_large/solution/.autopilot/db/a.g.ld.2.m1.bc.llvm-link.err.log
INFO-FLOW: 
Command         run_link_or_opt done; 1.31 sec.
Execute         run_link_or_opt -opt -out /home/wanqi/Wanqi/project/charm_u50/_x/mm_large/mm_large/mm_large/solution/.autopilot/db/a.g.ld.3.fpc.bc -args /home/wanqi/Wanqi/project/charm_u50/_x/mm_large/mm_large/mm_large/solution/.autopilot/db/a.g.ld.2.m1.bc -reflow-globaldce -hls-top-function-name=mm_large -reflow-float-conversion 
INFO-FLOW: run_clang exec: /opt/Xilinx/Vitis_HLS/2024.1/lnx64/tools/clang-3.9-csynth/bin/opt -pass-remarks-missed=reflow|pasta|unroll -pass-remarks=reflow|pasta|unroll|inline -pass-remarks-output=/home/wanqi/Wanqi/project/charm_u50/_x/mm_large/mm_large/mm_large/solution/.autopilot/db/a.g.ld.3.fpc.bc.opt.diag.yml /home/wanqi/Wanqi/project/charm_u50/_x/mm_large/mm_large/mm_large/solution/.autopilot/db/a.g.ld.2.m1.bc -reflow-globaldce -hls-top-function-name=mm_large -reflow-float-conversion -o /home/wanqi/Wanqi/project/charm_u50/_x/mm_large/mm_large/mm_large/solution/.autopilot/db/a.g.ld.3.fpc.bc > /home/wanqi/Wanqi/project/charm_u50/_x/mm_large/mm_large/mm_large/solution/.autopilot/db/a.g.ld.3.fpc.bc.opt.out.log 2> /home/wanqi/Wanqi/project/charm_u50/_x/mm_large/mm_large/mm_large/solution/.autopilot/db/a.g.ld.3.fpc.bc.opt.err.log
INFO-FLOW: 
INFO-FLOW: Running: gen_design_size_report post-opt
INFO-FLOW: Done: gen_design_size_report post-opt time: 0 seconds per iteration
Command         run_link_or_opt done; 0.55 sec.
Execute         run_link_or_opt -out /home/wanqi/Wanqi/project/charm_u50/_x/mm_large/mm_large/mm_large/solution/.autopilot/db/a.g.ld.4.m2.bc -args /home/wanqi/Wanqi/project/charm_u50/_x/mm_large/mm_large/mm_large/solution/.autopilot/db/a.g.ld.3.fpc.bc -only-needed /opt/Xilinx/Vitis_HLS/2024.1/lnx64/lib/libfloatconversion_39.bc 
INFO-FLOW: run_clang exec: /opt/Xilinx/Vitis_HLS/2024.1/lnx64/tools/clang-3.9-csynth/bin/llvm-link /home/wanqi/Wanqi/project/charm_u50/_x/mm_large/mm_large/mm_large/solution/.autopilot/db/a.g.ld.3.fpc.bc -only-needed /opt/Xilinx/Vitis_HLS/2024.1/lnx64/lib/libfloatconversion_39.bc -o /home/wanqi/Wanqi/project/charm_u50/_x/mm_large/mm_large/mm_large/solution/.autopilot/db/a.g.ld.4.m2.bc > /home/wanqi/Wanqi/project/charm_u50/_x/mm_large/mm_large/mm_large/solution/.autopilot/db/a.g.ld.4.m2.bc.llvm-link.out.log 2> /home/wanqi/Wanqi/project/charm_u50/_x/mm_large/mm_large/mm_large/solution/.autopilot/db/a.g.ld.4.m2.bc.llvm-link.err.log
INFO-FLOW: 
Execute         run_link_or_opt -opt -out /home/wanqi/Wanqi/project/charm_u50/_x/mm_large/mm_large/mm_large/solution/.autopilot/db/a.g.ld.5.gdce.bc -args /home/wanqi/Wanqi/project/charm_u50/_x/mm_large/mm_large/mm_large/solution/.autopilot/db/a.g.ld.4.m2.bc -reflow-globaldce -hls-top-function-name=mm_large 
INFO-FLOW: run_clang exec: /opt/Xilinx/Vitis_HLS/2024.1/lnx64/tools/clang-3.9-csynth/bin/opt -pass-remarks-missed=reflow|pasta|unroll -pass-remarks=reflow|pasta|unroll|inline -pass-remarks-output=/home/wanqi/Wanqi/project/charm_u50/_x/mm_large/mm_large/mm_large/solution/.autopilot/db/a.g.ld.5.gdce.bc.opt.diag.yml /home/wanqi/Wanqi/project/charm_u50/_x/mm_large/mm_large/mm_large/solution/.autopilot/db/a.g.ld.4.m2.bc -reflow-globaldce -hls-top-function-name=mm_large -o /home/wanqi/Wanqi/project/charm_u50/_x/mm_large/mm_large/mm_large/solution/.autopilot/db/a.g.ld.5.gdce.bc > /home/wanqi/Wanqi/project/charm_u50/_x/mm_large/mm_large/mm_large/solution/.autopilot/db/a.g.ld.5.gdce.bc.opt.out.log 2> /home/wanqi/Wanqi/project/charm_u50/_x/mm_large/mm_large/mm_large/solution/.autopilot/db/a.g.ld.5.gdce.bc.opt.err.log
INFO-FLOW: 
INFO-FLOW: Running: gen_design_size_report post-opt
INFO-FLOW: Done: gen_design_size_report post-opt time: 0 seconds per iteration
Execute         send_msg_by_id INFO @200-777@%s Vitis 
INFO: [HLS 200-777] Using interface defaults for 'Vitis' flow target.
Execute         is_m_axi_addr64 
INFO-FLOW: Doing LTO.
INFO-FLOW: run_clang (background poll_ms 5000) exec: /opt/Xilinx/Vitis_HLS/2024.1/lnx64/tools/clang-3.9-csynth/bin/clang -foptimization-record-file=/home/wanqi/Wanqi/project/charm_u50/_x/mm_large/mm_large/mm_large/solution/.autopilot/db/a.g.ld.0.bc.clang.reflow.diag.yml -mllvm -pass-remarks-missed=reflow|pasta|unroll -mllvm -pass-remarks=reflow|pasta|unroll|inline -fhls -mllvm -hls-top-function-name=mm_large -mllvm -hls-db-dir -mllvm /home/wanqi/Wanqi/project/charm_u50/_x/mm_large/mm_large/mm_large/solution/.autopilot/db -emit-llvm -c -target fpga64-xilinx-none -mllvm -xcl-xmlinfo=/home/wanqi/Wanqi/project/charm_u50/_x/mm_large/mm_large/mm_large/solution/.autopilot/db/../../../kernel.xml -mllvm -top-io-mapping-info=/home/wanqi/Wanqi/project/charm_u50/_x/mm_large/mm_large/mm_large/solution/.autopilot/db/top-io-fe.xml -mllvm -hls-bitcode-version=3.1 -mllvm -reflow-enable-slave-interface-default-setting=true -mllvm -gen-kernel-xml=true -mllvm -default-maxi-offset=slave -mllvm -maxi-latency=64 -mllvm -hls-maxi-data-size-in-bits=8 -mllvm -hls-maxi-max-data-size-in-bits=1024 -mllvm -hls-max-widen-size-in-bits=512 -mllvm -xcl-kernel-max-mem-ports=0 -mllvm -maxi-read-trans=16 -mllvm -maxi-write-trans=16 -mllvm -maxi-read-burst-len=16 -mllvm -maxi-write-burst-len=16 -mllvm -reflow-enable-saxi-64bits=0 -mllvm -reflow-basic-block-instr-threshold=200000 -mllvm -reflow-auto-pipeline-threshold=64 -mllvm -reflow-enable-maxi-auto-id-channel=0 -mllvm -enable-fp-thr=0 -mllvm -reflow-bdd-simplify-threshold=1048576 -mllvm -reflow-fanout-threshold=16 -mllvm -reflow-complete-threshold=4 -mllvm -reflow-array-promotion-threshold=64 -mllvm -assume-maxi-align=64 -mllvm -reflow-enable-dataflow-strict-mode-checking=1 -ftime-report -mllvm -time-passes -mllvm -reflow-auto-array-partition-mode=default -mllvm -reflow-enable-auto-small-array-partition=true -mllvm -reflow-enable-auto-array-partition-for-flatten=true -mllvm -reflow-enable-auto-parallel-performance-driven=true -mllvm -reflow-enable-partition-for-automation=true -mllvm -reflow-aggregate-bitwidth-threshold=4096 -mllvm -reflow-reserved-saxilite-registers=0 -mllvm -enable-reflow-auto-loop-pipeline -mllvm -reflow-max-unroll-threshold=409600 -mllvm -auto-unroll-tripcount-threshold=0 -mllvm -reflow-assume-no-address-wrap=true -mllvm -reflow-enable-occurrence-inference=true -mllvm -reflow-emit-hint-scope=true -mllvm -reflow-enable-codegen-with-if=true -mllvm -hls -mllvm -disable-inlined-alloca-merging=true -mllvm -enable-reflow-vitis-flow-setting=true -mllvm -default-clock-period=3.333 -mllvm -use_read_first_ram_in_loop=1 -mllvm -default-clock-uncertainty=0.9 -x ir /home/wanqi/Wanqi/project/charm_u50/_x/mm_large/mm_large/mm_large/solution/.autopilot/db/a.g.ld.5.gdce.bc -o /home/wanqi/Wanqi/project/charm_u50/_x/mm_large/mm_large/mm_large/solution/.autopilot/db/a.g.lto.bc -hls-platform-db-name=/opt/Xilinx/Vitis_HLS/2024.1/common/technology/xilinx/common/platform.db -hls-platform-name=virtexuplus_medium -device-resource-info=BRAM_2688.000000_DSP_5952.000000_FF_1743360.000000_LUT_871680.000000_SLICE_108960.000000_SLR_2.000000_URAM_640.000000 -device-name-info=xcu50-fsvh2104-2-e 2> /home/wanqi/Wanqi/project/charm_u50/_x/mm_large/mm_large/mm_large/solution/.autopilot/db/a.g.ld.0.bc.clang.reflow.err.log bg_poll_cmd: ::AP::poll_clang_39_closed_source
Execute         send_msg_by_id INFO @200-1995@%s%s%s 214 Compile/Link /home/wanqi/Wanqi/project/charm_u50/_x/mm_large/mm_large/mm_large/solution/syn/report/csynth_design_size.rpt 
INFO: [HLS 200-1995] There were 214 instructions in the design after the 'Compile/Link' phase of compilation. See the Design Size Report for more details: /home/wanqi/Wanqi/project/charm_u50/_x/mm_large/mm_large/mm_large/solution/syn/report/csynth_design_size.rpt
Execute         send_msg_by_id INFO @200-1995@%s%s%s 5,361 Unroll/Inline (step 1) /home/wanqi/Wanqi/project/charm_u50/_x/mm_large/mm_large/mm_large/solution/syn/report/csynth_design_size.rpt 
INFO: [HLS 200-1995] There were 5,361 instructions in the design after the 'Unroll/Inline (step 1)' phase of compilation. See the Design Size Report for more details: /home/wanqi/Wanqi/project/charm_u50/_x/mm_large/mm_large/mm_large/solution/syn/report/csynth_design_size.rpt
Execute         send_msg_by_id INFO @200-1995@%s%s%s 5,340 Unroll/Inline (step 2) /home/wanqi/Wanqi/project/charm_u50/_x/mm_large/mm_large/mm_large/solution/syn/report/csynth_design_size.rpt 
INFO: [HLS 200-1995] There were 5,340 instructions in the design after the 'Unroll/Inline (step 2)' phase of compilation. See the Design Size Report for more details: /home/wanqi/Wanqi/project/charm_u50/_x/mm_large/mm_large/mm_large/solution/syn/report/csynth_design_size.rpt
Execute         send_msg_by_id INFO @200-1995@%s%s%s 4,707 Unroll/Inline (step 3) /home/wanqi/Wanqi/project/charm_u50/_x/mm_large/mm_large/mm_large/solution/syn/report/csynth_design_size.rpt 
INFO: [HLS 200-1995] There were 4,707 instructions in the design after the 'Unroll/Inline (step 3)' phase of compilation. See the Design Size Report for more details: /home/wanqi/Wanqi/project/charm_u50/_x/mm_large/mm_large/mm_large/solution/syn/report/csynth_design_size.rpt
Execute         send_msg_by_id INFO @200-1995@%s%s%s 4,707 Unroll/Inline (step 4) /home/wanqi/Wanqi/project/charm_u50/_x/mm_large/mm_large/mm_large/solution/syn/report/csynth_design_size.rpt 
INFO: [HLS 200-1995] There were 4,707 instructions in the design after the 'Unroll/Inline (step 4)' phase of compilation. See the Design Size Report for more details: /home/wanqi/Wanqi/project/charm_u50/_x/mm_large/mm_large/mm_large/solution/syn/report/csynth_design_size.rpt
Execute         send_msg_by_id INFO @200-1995@%s%s%s 42,643 Array/Struct /home/wanqi/Wanqi/project/charm_u50/_x/mm_large/mm_large/mm_large/solution/syn/report/csynth_design_size.rpt 
INFO: [HLS 200-1995] There were 42,643 instructions in the design after the 'Array/Struct' phase of compilation. See the Design Size Report for more details: /home/wanqi/Wanqi/project/charm_u50/_x/mm_large/mm_large/mm_large/solution/syn/report/csynth_design_size.rpt
Execute         send_msg_by_id INFO @200-1995@%s%s%s 29,116 Array/Struct (step 2) /home/wanqi/Wanqi/project/charm_u50/_x/mm_large/mm_large/mm_large/solution/syn/report/csynth_design_size.rpt 
INFO: [HLS 200-1995] There were 29,116 instructions in the design after the 'Array/Struct (step 2)' phase of compilation. See the Design Size Report for more details: /home/wanqi/Wanqi/project/charm_u50/_x/mm_large/mm_large/mm_large/solution/syn/report/csynth_design_size.rpt
Execute         send_msg_by_id INFO @200-1995@%s%s%s 29,116 Array/Struct (step 3) /home/wanqi/Wanqi/project/charm_u50/_x/mm_large/mm_large/mm_large/solution/syn/report/csynth_design_size.rpt 
INFO: [HLS 200-1995] There were 29,116 instructions in the design after the 'Array/Struct (step 3)' phase of compilation. See the Design Size Report for more details: /home/wanqi/Wanqi/project/charm_u50/_x/mm_large/mm_large/mm_large/solution/syn/report/csynth_design_size.rpt
Execute         send_msg_by_id INFO @200-1995@%s%s%s 29,116 Array/Struct (step 4) /home/wanqi/Wanqi/project/charm_u50/_x/mm_large/mm_large/mm_large/solution/syn/report/csynth_design_size.rpt 
INFO: [HLS 200-1995] There were 29,116 instructions in the design after the 'Array/Struct (step 4)' phase of compilation. See the Design Size Report for more details: /home/wanqi/Wanqi/project/charm_u50/_x/mm_large/mm_large/mm_large/solution/syn/report/csynth_design_size.rpt
Execute         send_msg_by_id INFO @200-1995@%s%s%s 27,217 Array/Struct (step 5) /home/wanqi/Wanqi/project/charm_u50/_x/mm_large/mm_large/mm_large/solution/syn/report/csynth_design_size.rpt 
INFO: [HLS 200-1995] There were 27,217 instructions in the design after the 'Array/Struct (step 5)' phase of compilation. See the Design Size Report for more details: /home/wanqi/Wanqi/project/charm_u50/_x/mm_large/mm_large/mm_large/solution/syn/report/csynth_design_size.rpt
Execute         send_msg_by_id INFO @200-1995@%s%s%s 27,219 Performance /home/wanqi/Wanqi/project/charm_u50/_x/mm_large/mm_large/mm_large/solution/syn/report/csynth_design_size.rpt 
INFO: [HLS 200-1995] There were 27,219 instructions in the design after the 'Performance' phase of compilation. See the Design Size Report for more details: /home/wanqi/Wanqi/project/charm_u50/_x/mm_large/mm_large/mm_large/solution/syn/report/csynth_design_size.rpt
Execute         send_msg_by_id INFO @200-1995@%s%s%s 27,219 Performance (step 2) /home/wanqi/Wanqi/project/charm_u50/_x/mm_large/mm_large/mm_large/solution/syn/report/csynth_design_size.rpt 
INFO: [HLS 200-1995] There were 27,219 instructions in the design after the 'Performance (step 2)' phase of compilation. See the Design Size Report for more details: /home/wanqi/Wanqi/project/charm_u50/_x/mm_large/mm_large/mm_large/solution/syn/report/csynth_design_size.rpt
Execute         send_msg_by_id WARNING @200-1995@%s%s%s 1,747,473 Performance (step 3) /home/wanqi/Wanqi/project/charm_u50/_x/mm_large/mm_large/mm_large/solution/syn/report/csynth_design_size.rpt 
WARNING: [HLS 200-1995] There were 1,747,473 instructions in the design after the 'Performance (step 3)' phase of compilation. See the Design Size Report for more details: /home/wanqi/Wanqi/project/charm_u50/_x/mm_large/mm_large/mm_large/solution/syn/report/csynth_design_size.rpt
Execute         send_msg_by_id WARNING @200-1995@%s%s%s 153,492 Performance (step 4) /home/wanqi/Wanqi/project/charm_u50/_x/mm_large/mm_large/mm_large/solution/syn/report/csynth_design_size.rpt 
WARNING: [HLS 200-1995] There were 153,492 instructions in the design after the 'Performance (step 4)' phase of compilation. See the Design Size Report for more details: /home/wanqi/Wanqi/project/charm_u50/_x/mm_large/mm_large/mm_large/solution/syn/report/csynth_design_size.rpt
Execute         send_msg_by_id WARNING @200-1995@%s%s%s 154,148 HW Transforms /home/wanqi/Wanqi/project/charm_u50/_x/mm_large/mm_large/mm_large/solution/syn/report/csynth_design_size.rpt 
