

================================================================
== Vitis HLS Report for 'mm_small'
================================================================
* Date:           Wed Aug 13 13:45:52 2025

* Version:        2024.1 (Build 5069499 on May 21 2024)
* Project:        mm_small
* Solution:       solution (Vitis Kernel Flow Target)
* Product family: virtexuplusHBM
* Target device:  xcu50-fsvh2104-2-e


================================================================
== Performance Estimates
================================================================
+ Timing: 
    * Summary: 
    +--------+---------+----------+------------+
    |  Clock |  Target | Estimated| Uncertainty|
    +--------+---------+----------+------------+
    |ap_clk  |  3.33 ns|  2.433 ns|     0.90 ns|
    +--------+---------+----------+------------+

+ Latency: 
    * Summary: 
    +---------+---------+----------+----------+-----+-----+---------+
    |  Latency (cycles) |  Latency (absolute) |  Interval | Pipeline|
    |   min   |   max   |    min   |    max   | min | max |   Type  |
    +---------+---------+----------+----------+-----+-----+---------+
    |        ?|        ?|         ?|         ?|    ?|    ?|       no|
    +---------+---------+----------+----------+-----+-----+---------+

    + Detail: 
        * Instance: 
        +-------------------------------------+--------------------------+---------+---------+----------+----------+-----+-----+-----------------------------------------------+
        |                                     |                          |  Latency (cycles) |  Latency (absolute) |  Interval |                    Pipeline                   |
        |               Instance              |          Module          |   min   |   max   |    min   |    max   | min | max |                      Type                     |
        +-------------------------------------+--------------------------+---------+---------+----------+----------+-----+-----+-----------------------------------------------+
        |grp_mm_small_Pipeline_load_A_fu_236  |mm_small_Pipeline_load_A  |        ?|        ?|         ?|         ?|    0|    0|  loop auto-rewind stp(delay=0 clock cycles(s))|
        |grp_mm_small_Pipeline_load_B_fu_245  |mm_small_Pipeline_load_B  |        ?|        ?|         ?|         ?|    0|    0|  loop auto-rewind stp(delay=0 clock cycles(s))|
        +-------------------------------------+--------------------------+---------+---------+----------+----------+-----+-----+-----------------------------------------------+

        * Loop: 
        +---------------------------+---------+---------+----------+-----------+-----------+------+----------+
        |                           |  Latency (cycles) | Iteration|  Initiation Interval  | Trip |          |
        |         Loop Name         |   min   |   max   |  Latency |  achieved |   target  | Count| Pipelined|
        +---------------------------+---------+---------+----------+-----------+-----------+------+----------+
        |- compute_VITIS_LOOP_48_1  |        ?|        ?|         ?|          -|          -|     ?|        no|
        | + VITIS_LOOP_51_2         |        ?|        ?|        12|          -|          -|     ?|        no|
        +---------------------------+---------+---------+----------+-----------+-----------+------+----------+



================================================================
== Utilization Estimates
================================================================
* Summary: 
+---------------------+---------+------+---------+--------+-----+
|         Name        | BRAM_18K|  DSP |    FF   |   LUT  | URAM|
+---------------------+---------+------+---------+--------+-----+
|DSP                  |        -|     -|        -|       -|    -|
|Expression           |        -|     -|        0|     565|    -|
|FIFO                 |        -|     -|      136|      80|    -|
|Instance             |        3|    16|     2749|    2684|    0|
|Memory               |        -|     -|        -|       -|    -|
|Multiplexer          |        -|     -|        0|    1472|    -|
|Register             |        -|     -|     1125|       -|    -|
+---------------------+---------+------+---------+--------+-----+
|Total                |        3|    16|     4010|    4801|    0|
+---------------------+---------+------+---------+--------+-----+
|Available SLR        |     1344|  2976|   871680|  435840|  320|
+---------------------+---------+------+---------+--------+-----+
|Utilization SLR (%)  |       ~0|    ~0|       ~0|       1|    0|
+---------------------+---------+------+---------+--------+-----+
|Available            |     2688|  5952|  1743360|  871680|  640|
+---------------------+---------+------+---------+--------+-----+
|Utilization (%)      |       ~0|    ~0|       ~0|      ~0|    0|
+---------------------+---------+------+---------+--------+-----+

+ Detail: 
    * Instance: 
    +-------------------------------------+--------------------------------+---------+----+-----+-----+-----+
    |               Instance              |             Module             | BRAM_18K| DSP|  FF | LUT | URAM|
    +-------------------------------------+--------------------------------+---------+----+-----+-----+-----+
    |control_s_axi_U                      |control_s_axi                   |        0|   0|  360|  616|    0|
    |fadd_32ns_32ns_32_7_full_dsp_1_U9    |fadd_32ns_32ns_32_7_full_dsp_1  |        0|   2|  318|  198|    0|
    |fmul_32ns_32ns_32_4_max_dsp_1_U10    |fmul_32ns_32ns_32_4_max_dsp_1   |        0|   3|  143|   78|    0|
    |gmem1_m_axi_U                        |gmem1_m_axi                     |        2|   0|  690|  717|    0|
    |gmem2_m_axi_U                        |gmem2_m_axi                     |        1|   0|  607|  658|    0|
    |grp_mm_small_Pipeline_load_A_fu_236  |mm_small_Pipeline_load_A        |        0|   0|   68|  135|    0|
    |grp_mm_small_Pipeline_load_B_fu_245  |mm_small_Pipeline_load_B        |        0|   0|   68|  135|    0|
    |mul_32ns_32ns_63_2_1_U11             |mul_32ns_32ns_63_2_1            |        0|   4|  165|   49|    0|
    |mul_32ns_32ns_64_2_1_U12             |mul_32ns_32ns_64_2_1            |        0|   4|  165|   49|    0|
    |mul_32s_32s_32_2_1_U13               |mul_32s_32s_32_2_1              |        0|   3|  165|   49|    0|
    +-------------------------------------+--------------------------------+---------+----+-----+-----+-----+
    |Total                                |                                |        3|  16| 2749| 2684|    0|
    +-------------------------------------+--------------------------------+---------+----+-----+-----+-----+

    * DSP: 
    N/A

    * Memory: 
    N/A

    * FIFO: 
    +-----------------+---------+----+----+-----+------+-----+---------+
    |       Name      | BRAM_18K| FF | LUT| URAM| Depth| Bits| Size:D*B|
    +-----------------+---------+----+----+-----+------+-----+---------+
    |a_stream_fifo_U  |        0|  68|   0|    -|     2|   32|       64|
    |b_stream_fifo_U  |        0|  68|   0|    -|     2|   32|       64|
    +-----------------+---------+----+----+-----+------+-----+---------+
    |Total            |        0| 136|   0|    0|     4|   64|      128|
    +-----------------+---------+----+----+-----+------+-----+---------+

    * Expression: 
    +-----------------------+----------+----+---+----+------------+------------+
    |     Variable Name     | Operation| DSP| FF| LUT| Bitwidth P0| Bitwidth P1|
    +-----------------------+----------+----+---+----+------------+------------+
    |add_ln47_fu_431_p2     |         +|   0|  0|  71|          64|           1|
    |add_ln51_fu_446_p2     |         +|   0|  0|  38|          31|           1|
    |cmp189_fu_385_p2       |      icmp|   0|  0|  39|          32|           1|
    |icmp_ln38_fu_284_p2    |      icmp|   0|  0|  39|          32|           1|
    |icmp_ln42_fu_354_p2    |      icmp|   0|  0|  39|          32|           1|
    |icmp_ln47_1_fu_426_p2  |      icmp|   0|  0|  71|          64|          64|
    |icmp_ln47_fu_380_p2    |      icmp|   0|  0|  39|          32|           1|
    |icmp_ln51_fu_441_p2    |      icmp|   0|  0|  39|          32|          32|
    |ap_block_state1        |        or|   0|  0|   2|           1|           1|
    |ap_block_state153      |        or|   0|  0|   2|           1|           1|
    |empty_28_fu_299_p3     |    select|   0|  0|  31|           1|          31|
    |empty_32_fu_359_p3     |    select|   0|  0|  31|           1|          31|
    |empty_36_fu_404_p3     |    select|   0|  0|  62|           1|          63|
    |select_ln47_fu_398_p3  |    select|   0|  0|  62|           1|          63|
    +-----------------------+----------+----+---+----+------------+------------+
    |Total                  |          |   0|  0| 565|         325|         292|
    +-----------------------+----------+----+---+----+------------+------------+

    * Multiplexer: 
    +-----------------------+------+-----------+-----+-----------+
    |          Name         |  LUT | Input Size| Bits| Total Bits|
    +-----------------------+------+-----------+-----+-----------+
    |a_stream_write         |     9|          2|    1|          2|
    |ap_NS_fsm              |  1243|        234|    1|        234|
    |ap_done                |     9|          2|    1|          2|
    |b_stream_write         |     9|          2|    1|          2|
    |gmem1_ARADDR           |    14|          3|   64|        192|
    |gmem1_ARLEN            |    14|          3|   32|         96|
    |gmem1_ARVALID          |    14|          3|    1|          3|
    |gmem1_RREADY           |     9|          2|    1|          2|
    |gmem1_blk_n_AR         |     9|          2|    1|          2|
    |gmem1_blk_n_AW         |     9|          2|    1|          2|
    |gmem1_blk_n_B          |     9|          2|    1|          2|
    |gmem1_blk_n_W          |     9|          2|    1|          2|
    |gmem2_ARADDR           |    14|          3|   64|        192|
    |gmem2_ARLEN            |    14|          3|   32|         96|
    |gmem2_ARVALID          |    14|          3|    1|          3|
    |gmem2_RREADY           |     9|          2|    1|          2|
    |gmem2_blk_n_AR         |     9|          2|    1|          2|
    |grp_fu_271_p0          |    14|          3|   32|         96|
    |grp_fu_271_p1          |    14|          3|   32|         96|
    |indvar_flatten_fu_128  |     9|          2|   64|        128|
    |k_reg_213              |     9|          2|   31|         62|
    |sum_reg_224            |     9|          2|   32|         64|
    +-----------------------+------+-----------+-----+-----------+
    |Total                  |  1472|        284|  396|       1282|
    +-----------------------+------+-----------+-----+-----------+

    * Register: 
    +--------------------------------------------------+-----+----+-----+-----------+
    |                       Name                       |  FF | LUT| Bits| Const Bits|
    +--------------------------------------------------+-----+----+-----+-----------+
    |a_stream_read_reg_642                             |   32|   0|   32|          0|
    |add_ln47_reg_629                                  |   64|   0|   64|          0|
    |add_ln51_reg_637                                  |   31|   0|   31|          0|
    |ap_CS_fsm                                         |  233|   0|  233|          0|
    |ap_done_reg                                       |    1|   0|    1|          0|
    |ap_rst_n_inv                                      |    1|   0|    1|          0|
    |ap_rst_reg_1                                      |    1|   0|    1|          0|
    |ap_rst_reg_2                                      |    1|   0|    1|          0|
    |b_stream_read_reg_647                             |   32|   0|   32|          0|
    |cmp189_reg_586                                    |    1|   0|    1|          0|
    |empty_28_reg_520                                  |   31|   0|   31|          0|
    |empty_32_reg_566                                  |   31|   0|   31|          0|
    |empty_36_reg_606                                  |   63|   0|   63|          0|
    |gmem1_addr_1_reg_531                              |   64|   0|   64|          0|
    |grp_mm_small_Pipeline_load_A_fu_236_ap_start_reg  |    1|   0|    1|          0|
    |grp_mm_small_Pipeline_load_B_fu_245_ap_start_reg  |    1|   0|    1|          0|
    |icmp_ln47_reg_581                                 |    1|   0|    1|          0|
    |indvar_flatten_fu_128                             |   64|   0|   64|          0|
    |k_reg_213                                         |   31|   0|   31|          0|
    |mul1_reg_662                                      |   32|   0|   32|          0|
    |mul3_reg_555                                      |   32|   0|   32|          0|
    |mul_ln47_1_reg_621                                |   64|   0|   64|          0|
    |mul_ln47_reg_601                                  |   63|   0|   63|          0|
    |mul_reg_503                                       |   32|   0|   32|          0|
    |sum_reg_224                                       |   32|   0|   32|          0|
    |trunc_ln1_reg_525                                 |   62|   0|   62|          0|
    |trunc_ln38_reg_509                                |   31|   0|   31|          0|
    |trunc_ln42_reg_561                                |   31|   0|   31|          0|
    |trunc_ln_reg_514                                  |   62|   0|   62|          0|
    +--------------------------------------------------+-----+----+-----+-----------+
    |Total                                             | 1125|   0| 1125|          0|
    +--------------------------------------------------+-----+----+-----+-----------+



================================================================
== Interface
================================================================
* Summary: 
+-----------------------+-----+-----+---------------+--------------+--------------+
|       RTL Ports       | Dir | Bits|    Protocol   | Source Object|    C Type    |
+-----------------------+-----+-----+---------------+--------------+--------------+
|s_axi_control_AWVALID  |   in|    1|          s_axi|       control|        scalar|
|s_axi_control_AWREADY  |  out|    1|          s_axi|       control|        scalar|
|s_axi_control_AWADDR   |   in|    7|          s_axi|       control|        scalar|
|s_axi_control_WVALID   |   in|    1|          s_axi|       control|        scalar|
|s_axi_control_WREADY   |  out|    1|          s_axi|       control|        scalar|
|s_axi_control_WDATA    |   in|   32|          s_axi|       control|        scalar|
|s_axi_control_WSTRB    |   in|    4|          s_axi|       control|        scalar|
|s_axi_control_ARVALID  |   in|    1|          s_axi|       control|        scalar|
|s_axi_control_ARREADY  |  out|    1|          s_axi|       control|        scalar|
|s_axi_control_ARADDR   |   in|    7|          s_axi|       control|        scalar|
|s_axi_control_RVALID   |  out|    1|          s_axi|       control|        scalar|
|s_axi_control_RREADY   |   in|    1|          s_axi|       control|        scalar|
|s_axi_control_RDATA    |  out|   32|          s_axi|       control|        scalar|
|s_axi_control_RRESP    |  out|    2|          s_axi|       control|        scalar|
|s_axi_control_BVALID   |  out|    1|          s_axi|       control|        scalar|
|s_axi_control_BREADY   |   in|    1|          s_axi|       control|        scalar|
|s_axi_control_BRESP    |  out|    2|          s_axi|       control|        scalar|
|ap_clk                 |   in|    1|  ap_ctrl_chain|      mm_small|  return value|
|ap_rst_n               |   in|    1|  ap_ctrl_chain|      mm_small|  return value|
|interrupt              |  out|    1|  ap_ctrl_chain|      mm_small|  return value|
|m_axi_gmem1_AWVALID    |  out|    1|          m_axi|         gmem1|       pointer|
|m_axi_gmem1_AWREADY    |   in|    1|          m_axi|         gmem1|       pointer|
|m_axi_gmem1_AWADDR     |  out|   64|          m_axi|         gmem1|       pointer|
|m_axi_gmem1_AWID       |  out|    1|          m_axi|         gmem1|       pointer|
|m_axi_gmem1_AWLEN      |  out|    8|          m_axi|         gmem1|       pointer|
|m_axi_gmem1_AWSIZE     |  out|    3|          m_axi|         gmem1|       pointer|
|m_axi_gmem1_AWBURST    |  out|    2|          m_axi|         gmem1|       pointer|
|m_axi_gmem1_AWLOCK     |  out|    2|          m_axi|         gmem1|       pointer|
|m_axi_gmem1_AWCACHE    |  out|    4|          m_axi|         gmem1|       pointer|
|m_axi_gmem1_AWPROT     |  out|    3|          m_axi|         gmem1|       pointer|
|m_axi_gmem1_AWQOS      |  out|    4|          m_axi|         gmem1|       pointer|
|m_axi_gmem1_AWREGION   |  out|    4|          m_axi|         gmem1|       pointer|
|m_axi_gmem1_AWUSER     |  out|    1|          m_axi|         gmem1|       pointer|
|m_axi_gmem1_WVALID     |  out|    1|          m_axi|         gmem1|       pointer|
|m_axi_gmem1_WREADY     |   in|    1|          m_axi|         gmem1|       pointer|
|m_axi_gmem1_WDATA      |  out|   32|          m_axi|         gmem1|       pointer|
|m_axi_gmem1_WSTRB      |  out|    4|          m_axi|         gmem1|       pointer|
|m_axi_gmem1_WLAST      |  out|    1|          m_axi|         gmem1|       pointer|
|m_axi_gmem1_WID        |  out|    1|          m_axi|         gmem1|       pointer|
|m_axi_gmem1_WUSER      |  out|    1|          m_axi|         gmem1|       pointer|
|m_axi_gmem1_ARVALID    |  out|    1|          m_axi|         gmem1|       pointer|
|m_axi_gmem1_ARREADY    |   in|    1|          m_axi|         gmem1|       pointer|
|m_axi_gmem1_ARADDR     |  out|   64|          m_axi|         gmem1|       pointer|
|m_axi_gmem1_ARID       |  out|    1|          m_axi|         gmem1|       pointer|
|m_axi_gmem1_ARLEN      |  out|    8|          m_axi|         gmem1|       pointer|
|m_axi_gmem1_ARSIZE     |  out|    3|          m_axi|         gmem1|       pointer|
|m_axi_gmem1_ARBURST    |  out|    2|          m_axi|         gmem1|       pointer|
|m_axi_gmem1_ARLOCK     |  out|    2|          m_axi|         gmem1|       pointer|
|m_axi_gmem1_ARCACHE    |  out|    4|          m_axi|         gmem1|       pointer|
|m_axi_gmem1_ARPROT     |  out|    3|          m_axi|         gmem1|       pointer|
|m_axi_gmem1_ARQOS      |  out|    4|          m_axi|         gmem1|       pointer|
|m_axi_gmem1_ARREGION   |  out|    4|          m_axi|         gmem1|       pointer|
|m_axi_gmem1_ARUSER     |  out|    1|          m_axi|         gmem1|       pointer|
|m_axi_gmem1_RVALID     |   in|    1|          m_axi|         gmem1|       pointer|
|m_axi_gmem1_RREADY     |  out|    1|          m_axi|         gmem1|       pointer|
|m_axi_gmem1_RDATA      |   in|   32|          m_axi|         gmem1|       pointer|
|m_axi_gmem1_RLAST      |   in|    1|          m_axi|         gmem1|       pointer|
|m_axi_gmem1_RID        |   in|    1|          m_axi|         gmem1|       pointer|
|m_axi_gmem1_RUSER      |   in|    1|          m_axi|         gmem1|       pointer|
|m_axi_gmem1_RRESP      |   in|    2|          m_axi|         gmem1|       pointer|
|m_axi_gmem1_BVALID     |   in|    1|          m_axi|         gmem1|       pointer|
|m_axi_gmem1_BREADY     |  out|    1|          m_axi|         gmem1|       pointer|
|m_axi_gmem1_BRESP      |   in|    2|          m_axi|         gmem1|       pointer|
|m_axi_gmem1_BID        |   in|    1|          m_axi|         gmem1|       pointer|
|m_axi_gmem1_BUSER      |   in|    1|          m_axi|         gmem1|       pointer|
|m_axi_gmem2_AWVALID    |  out|    1|          m_axi|         gmem2|       pointer|
|m_axi_gmem2_AWREADY    |   in|    1|          m_axi|         gmem2|       pointer|
|m_axi_gmem2_AWADDR     |  out|   64|          m_axi|         gmem2|       pointer|
|m_axi_gmem2_AWID       |  out|    1|          m_axi|         gmem2|       pointer|
|m_axi_gmem2_AWLEN      |  out|    8|          m_axi|         gmem2|       pointer|
|m_axi_gmem2_AWSIZE     |  out|    3|          m_axi|         gmem2|       pointer|
|m_axi_gmem2_AWBURST    |  out|    2|          m_axi|         gmem2|       pointer|
|m_axi_gmem2_AWLOCK     |  out|    2|          m_axi|         gmem2|       pointer|
|m_axi_gmem2_AWCACHE    |  out|    4|          m_axi|         gmem2|       pointer|
|m_axi_gmem2_AWPROT     |  out|    3|          m_axi|         gmem2|       pointer|
|m_axi_gmem2_AWQOS      |  out|    4|          m_axi|         gmem2|       pointer|
|m_axi_gmem2_AWREGION   |  out|    4|          m_axi|         gmem2|       pointer|
|m_axi_gmem2_AWUSER     |  out|    1|          m_axi|         gmem2|       pointer|
|m_axi_gmem2_WVALID     |  out|    1|          m_axi|         gmem2|       pointer|
|m_axi_gmem2_WREADY     |   in|    1|          m_axi|         gmem2|       pointer|
|m_axi_gmem2_WDATA      |  out|   32|          m_axi|         gmem2|       pointer|
|m_axi_gmem2_WSTRB      |  out|    4|          m_axi|         gmem2|       pointer|
|m_axi_gmem2_WLAST      |  out|    1|          m_axi|         gmem2|       pointer|
|m_axi_gmem2_WID        |  out|    1|          m_axi|         gmem2|       pointer|
|m_axi_gmem2_WUSER      |  out|    1|          m_axi|         gmem2|       pointer|
|m_axi_gmem2_ARVALID    |  out|    1|          m_axi|         gmem2|       pointer|
|m_axi_gmem2_ARREADY    |   in|    1|          m_axi|         gmem2|       pointer|
|m_axi_gmem2_ARADDR     |  out|   64|          m_axi|         gmem2|       pointer|
|m_axi_gmem2_ARID       |  out|    1|          m_axi|         gmem2|       pointer|
|m_axi_gmem2_ARLEN      |  out|    8|          m_axi|         gmem2|       pointer|
|m_axi_gmem2_ARSIZE     |  out|    3|          m_axi|         gmem2|       pointer|
|m_axi_gmem2_ARBURST    |  out|    2|          m_axi|         gmem2|       pointer|
|m_axi_gmem2_ARLOCK     |  out|    2|          m_axi|         gmem2|       pointer|
|m_axi_gmem2_ARCACHE    |  out|    4|          m_axi|         gmem2|       pointer|
|m_axi_gmem2_ARPROT     |  out|    3|          m_axi|         gmem2|       pointer|
|m_axi_gmem2_ARQOS      |  out|    4|          m_axi|         gmem2|       pointer|
|m_axi_gmem2_ARREGION   |  out|    4|          m_axi|         gmem2|       pointer|
|m_axi_gmem2_ARUSER     |  out|    1|          m_axi|         gmem2|       pointer|
|m_axi_gmem2_RVALID     |   in|    1|          m_axi|         gmem2|       pointer|
|m_axi_gmem2_RREADY     |  out|    1|          m_axi|         gmem2|       pointer|
|m_axi_gmem2_RDATA      |   in|   32|          m_axi|         gmem2|       pointer|
|m_axi_gmem2_RLAST      |   in|    1|          m_axi|         gmem2|       pointer|
|m_axi_gmem2_RID        |   in|    1|          m_axi|         gmem2|       pointer|
|m_axi_gmem2_RUSER      |   in|    1|          m_axi|         gmem2|       pointer|
|m_axi_gmem2_RRESP      |   in|    2|          m_axi|         gmem2|       pointer|
|m_axi_gmem2_BVALID     |   in|    1|          m_axi|         gmem2|       pointer|
|m_axi_gmem2_BREADY     |  out|    1|          m_axi|         gmem2|       pointer|
|m_axi_gmem2_BRESP      |   in|    2|          m_axi|         gmem2|       pointer|
|m_axi_gmem2_BID        |   in|    1|          m_axi|         gmem2|       pointer|
|m_axi_gmem2_BUSER      |   in|    1|          m_axi|         gmem2|       pointer|
+-----------------------+-----+-----+---------------+--------------+--------------+

