INFO: [v++ 60-1306] Additional information associated with this v++ compile can be found at:
	Reports: /home/wanqi/Wanqi/project/charm_u50/_x/reports/mm_small
	Log files: /home/wanqi/Wanqi/project/charm_u50/_x/logs/mm_small
INFO: [v++ 60-1548] Creating build summary session with primary output /home/wanqi/Wanqi/project/charm_u50/mm_small.xo.compile_summary, at Wed Aug 13 13:45:32 2025
INFO: [v++ 60-1315] Creating rulecheck session with output '/home/wanqi/Wanqi/project/charm_u50/_x/reports/mm_small/v++_compile_mm_small_guidance.html', at Wed Aug 13 13:45:32 2025
INFO: [v++ 60-895]   Target platform: /opt/xilinx/platforms/xilinx_u50_gen3x16_xdma_5_202210_1/xilinx_u50_gen3x16_xdma_5_202210_1.xpfm
INFO: [v++ 60-1578]   This platform contains Xilinx Shell Archive '/opt/xilinx/platforms/xilinx_u50_gen3x16_xdma_5_202210_1/hw/hw.xsa'
INFO: [v++ 74-78] Compiler Version string: 2024.1
INFO: [v++ 60-1302] Platform 'xilinx_u50_gen3x16_xdma_5_202210_1.xpfm' has been explicitly enabled for this release.
INFO: [v++ 60-585] Compiling for hardware target
INFO: [v++ 60-423]   Target device: xilinx_u50_gen3x16_xdma_5_202210_1
INFO: [v++ 60-242] Creating kernel: 'mm_small'

===>The following messages were generated while  performing high-level synthesis for kernel: mm_small Log file: /home/wanqi/Wanqi/project/charm_u50/_x/mm_small/mm_small/vitis_hls.log :
INFO: [v++ 204-61] Pipelining loop 'load_A'.
INFO: [v++ 200-1470] Pipelining result : Target II = 1, Final II = 1, Depth = 3, loop 'load_A'
INFO: [v++ 204-61] Pipelining loop 'load_B'.
INFO: [v++ 200-1470] Pipelining result : Target II = 1, Final II = 1, Depth = 3, loop 'load_B'
INFO: [v++ 200-790] **** Loop Constraint Status: All loop constraints were satisfied.
INFO: [v++ 200-789] **** Estimated Fmax: 411.00 MHz
INFO: [v++ 60-594] Finished kernel compilation
INFO: [v++ 60-244] Generating system estimate report...
INFO: [v++ 60-1092] Generated system estimate report: /home/wanqi/Wanqi/project/charm_u50/_x/reports/mm_small/system_estimate_mm_small.xtxt
INFO: [v++ 60-586] Created mm_small.xo
INFO: [v++ 60-2343] Use the Vitis Unified IDE to visualize and navigate the reports. Run the following command. 
    vitis -a/ --analyze /home/wanqi/Wanqi/project/charm_u50/mm_small.xo.compile_summary 
INFO: [v++ 60-791] Total elapsed time: 0h 0m 44s
