================================================================
== Design Size Report
================================================================

* C-Synthesis has not completed!

* Total Instructions per Compilation Phase
+---------------+-----------------------------+--------------+----------------------------------------------------------------------------------------+
| Phase         | Step                        | Instructions | Description                                                                            |
+---------------+-----------------------------+--------------+----------------------------------------------------------------------------------------+
| Compile/Link  |                             |    214       | After all functions are compiled and linked into a single design                       |
|               |                             |              |                                                                                        |
| Unroll/Inline |                             |              | After user unroll and inline pragmas are applied                                       |
|               | (1) unroll                  |  5,361       | user unroll pragmas are applied                                                        |
|               | (2) simplification          |  5,340       | simplification of applied user unroll pragmas                                          |
|               | (3) inline                  |  4,707       | user inline pragmas are applied                                                        |
|               | (4) simplification          |  4,707       | simplification of applied user inline pragmas                                          |
|               |                             |              |                                                                                        |
| Array/Struct  |                             |              | After user array partition and struct aggregate/disaggregate pragmas are applied       |
|               | (1) array partition         | 42,643       | user array partition pragmas are applied                                               |
|               | (2) simplification          | 29,116       | simplification of applied user array partition & struct aggregate/disaggregate pragmas |
|               | (3) aggregate/disaggregate  | 29,116       | user struct aggregate/disaggregate pragmas are applied                                 |
|               | (4) array reshape           | 29,116       | apply array reshape pragmas                                                            |
|               | (5) access patterns         | 27,217       | array access pattern optmizations                                                      |
|               |                             |              |                                                                                        |
| Performance   |                             | pending      | After transformations are applied to meet performance pragma targets                   |
| HW Transforms |                             |              | After hardware transfomations                                                          |
+---------------+-----------------------------+--------------+----------------------------------------------------------------------------------------+

* Instructions per Function for each Compilation Phase
+------------------------------------+-----------------+--------------+---------------+--------------+
| Function                           | Location        | Compile/Link | Unroll/Inline | Array/Struct |
+------------------------------------+-----------------+--------------+---------------+--------------+
| + mm_large                         | mm_large.cpp:10 | 214          | 4,707         | 27,217       |
|    read_block<float, 256, 128>     | utils.h:8       |  29          |               |              |
|    read_block<float, 128, 256>     | utils.h:8       |  29          |               |              |
|    write_block<float, 256, 256>... | utils.h:20      |  29          |               |              |
+------------------------------------+-----------------+--------------+---------------+--------------+

* Design Size Message Settings
+---------------------------------------------+--------+------------------------------------------------------------------+
| Message Setting                             | Value  | Description                                                      |
+---------------------------------------------+--------+------------------------------------------------------------------+
| config_compile -design_size_maximum_warning | 100000 | Show a warning when total design instructions exceeds this value |
+---------------------------------------------+--------+------------------------------------------------------------------+


